<?xml version="1.0" encoding="UTF-8"?>
<!-- Generated by org.testng.reporters.JUnitReportReporter -->
<testsuite hostname="NBSG0063E7-TP" name="Native.Demo1" tests="1" failures="0" timestamp="15 Dec 2020 03:54:02 GMT" time="5.147" errors="0">
  <testcase name="testCase1" time="5.147" classname="Native.Demo1"/>
</testsuite> <!-- Native.Demo1 -->
